<?xml version="1.0" encoding="UTF-8"?>
<testsuites>
  <testsuite name="" tests="253" assertions="614" errors="7" warnings="0" failures="0" skipped="0" time="0.046158">
    <testsuite name="Twilio Unit Test Suite" tests="253" assertions="614" errors="7" warnings="0" failures="0" skipped="0" time="0.046158">
      <testsuite name="Twilio\Tests\Unit\DeserializeTest" file="/twilio/tests/Twilio/Unit/DeserializeTest.php" tests="5" assertions="5" errors="0" warnings="0" failures="0" skipped="0" time="0.001935">
        <testcase name="testDate" class="Twilio\Tests\Unit\DeserializeTest" classname="Twilio.Tests.Unit.DeserializeTest" file="/twilio/tests/Twilio/Unit/DeserializeTest.php" line="8" assertions="1" time="0.001698"/>
        <testcase name="testDateTime" class="Twilio\Tests\Unit\DeserializeTest" classname="Twilio.Tests.Unit.DeserializeTest" file="/twilio/tests/Twilio/Unit/DeserializeTest.php" line="13" assertions="1" time="0.000089"/>
        <testcase name="testNonDateTime" class="Twilio\Tests\Unit\DeserializeTest" classname="Twilio.Tests.Unit.DeserializeTest" file="/twilio/tests/Twilio/Unit/DeserializeTest.php" line="18" assertions="1" time="0.000060"/>
        <testcase name="testEmpty" class="Twilio\Tests\Unit\DeserializeTest" classname="Twilio.Tests.Unit.DeserializeTest" file="/twilio/tests/Twilio/Unit/DeserializeTest.php" line="23" assertions="1" time="0.000023"/>
        <testcase name="testNull" class="Twilio\Tests\Unit\DeserializeTest" classname="Twilio.Tests.Unit.DeserializeTest" file="/twilio/tests/Twilio/Unit/DeserializeTest.php" line="28" assertions="1" time="0.000065"/>
      </testsuite>
      <testsuite name="Twilio\Tests\Unit\Http\CurlClientTest" file="/twilio/tests/Twilio/Unit/Http/CurlClientTest.php" tests="37" assertions="48" errors="0" warnings="0" failures="0" skipped="0" time="0.003763">
        <testcase name="testPreemptiveAuthorization" class="Twilio\Tests\Unit\Http\CurlClientTest" classname="Twilio.Tests.Unit.Http.CurlClientTest" file="/twilio/tests/Twilio/Unit/Http/CurlClientTest.php" line="13" assertions="3" time="0.000618"/>
        <testsuite name="Twilio\Tests\Unit\Http\CurlClientTest::testBuildQuery" tests="9" assertions="9" errors="0" warnings="0" failures="0" skipped="0" time="0.000392">
          <testcase name="testBuildQuery with data set #0" class="Twilio\Tests\Unit\Http\CurlClientTest" classname="Twilio.Tests.Unit.Http.CurlClientTest" file="/twilio/tests/Twilio/Unit/Http/CurlClientTest.php" line="56" assertions="1" time="0.000087"/>
          <testcase name="testBuildQuery with data set #1" class="Twilio\Tests\Unit\Http\CurlClientTest" classname="Twilio.Tests.Unit.Http.CurlClientTest" file="/twilio/tests/Twilio/Unit/Http/CurlClientTest.php" line="56" assertions="1" time="0.000030"/>
          <testcase name="testBuildQuery with data set #2" class="Twilio\Tests\Unit\Http\CurlClientTest" classname="Twilio.Tests.Unit.Http.CurlClientTest" file="/twilio/tests/Twilio/Unit/Http/CurlClientTest.php" line="56" assertions="1" time="0.000053"/>
          <testcase name="testBuildQuery with data set #3" class="Twilio\Tests\Unit\Http\CurlClientTest" classname="Twilio.Tests.Unit.Http.CurlClientTest" file="/twilio/tests/Twilio/Unit/Http/CurlClientTest.php" line="56" assertions="1" time="0.000034"/>
          <testcase name="testBuildQuery with data set #4" class="Twilio\Tests\Unit\Http\CurlClientTest" classname="Twilio.Tests.Unit.Http.CurlClientTest" file="/twilio/tests/Twilio/Unit/Http/CurlClientTest.php" line="56" assertions="1" time="0.000047"/>
          <testcase name="testBuildQuery with data set #5" class="Twilio\Tests\Unit\Http\CurlClientTest" classname="Twilio.Tests.Unit.Http.CurlClientTest" file="/twilio/tests/Twilio/Unit/Http/CurlClientTest.php" line="56" assertions="1" time="0.000024"/>
          <testcase name="testBuildQuery with data set #6" class="Twilio\Tests\Unit\Http\CurlClientTest" classname="Twilio.Tests.Unit.Http.CurlClientTest" file="/twilio/tests/Twilio/Unit/Http/CurlClientTest.php" line="56" assertions="1" time="0.000036"/>
          <testcase name="testBuildQuery with data set #7" class="Twilio\Tests\Unit\Http\CurlClientTest" classname="Twilio.Tests.Unit.Http.CurlClientTest" file="/twilio/tests/Twilio/Unit/Http/CurlClientTest.php" line="56" assertions="1" time="0.000043"/>
          <testcase name="testBuildQuery with data set #8" class="Twilio\Tests\Unit\Http\CurlClientTest" classname="Twilio.Tests.Unit.Http.CurlClientTest" file="/twilio/tests/Twilio/Unit/Http/CurlClientTest.php" line="56" assertions="1" time="0.000037"/>
        </testsuite>
        <testsuite name="Twilio\Tests\Unit\Http\CurlClientTest::testQueryString" tests="14" assertions="14" errors="0" warnings="0" failures="0" skipped="0" time="0.000757">
          <testcase name="testQueryString with data set #0" class="Twilio\Tests\Unit\Http\CurlClientTest" classname="Twilio.Tests.Unit.Http.CurlClientTest" file="/twilio/tests/Twilio/Unit/Http/CurlClientTest.php" line="136" assertions="1" time="0.000101"/>
          <testcase name="testQueryString with data set #1" class="Twilio\Tests\Unit\Http\CurlClientTest" classname="Twilio.Tests.Unit.Http.CurlClientTest" file="/twilio/tests/Twilio/Unit/Http/CurlClientTest.php" line="136" assertions="1" time="0.000028"/>
          <testcase name="testQueryString with data set #2" class="Twilio\Tests\Unit\Http\CurlClientTest" classname="Twilio.Tests.Unit.Http.CurlClientTest" file="/twilio/tests/Twilio/Unit/Http/CurlClientTest.php" line="136" assertions="1" time="0.000025"/>
          <testcase name="testQueryString with data set #3" class="Twilio\Tests\Unit\Http\CurlClientTest" classname="Twilio.Tests.Unit.Http.CurlClientTest" file="/twilio/tests/Twilio/Unit/Http/CurlClientTest.php" line="136" assertions="1" time="0.000308"/>
          <testcase name="testQueryString with data set #4" class="Twilio\Tests\Unit\Http\CurlClientTest" classname="Twilio.Tests.Unit.Http.CurlClientTest" file="/twilio/tests/Twilio/Unit/Http/CurlClientTest.php" line="136" assertions="1" time="0.000037"/>
          <testcase name="testQueryString with data set #5" class="Twilio\Tests\Unit\Http\CurlClientTest" classname="Twilio.Tests.Unit.Http.CurlClientTest" file="/twilio/tests/Twilio/Unit/Http/CurlClientTest.php" line="136" assertions="1" time="0.000026"/>
          <testcase name="testQueryString with data set #6" class="Twilio\Tests\Unit\Http\CurlClientTest" classname="Twilio.Tests.Unit.Http.CurlClientTest" file="/twilio/tests/Twilio/Unit/Http/CurlClientTest.php" line="136" assertions="1" time="0.000022"/>
          <testcase name="testQueryString with data set #7" class="Twilio\Tests\Unit\Http\CurlClientTest" classname="Twilio.Tests.Unit.Http.CurlClientTest" file="/twilio/tests/Twilio/Unit/Http/CurlClientTest.php" line="136" assertions="1" time="0.000038"/>
          <testcase name="testQueryString with data set #8" class="Twilio\Tests\Unit\Http\CurlClientTest" classname="Twilio.Tests.Unit.Http.CurlClientTest" file="/twilio/tests/Twilio/Unit/Http/CurlClientTest.php" line="136" assertions="1" time="0.000033"/>
          <testcase name="testQueryString with data set #9" class="Twilio\Tests\Unit\Http\CurlClientTest" classname="Twilio.Tests.Unit.Http.CurlClientTest" file="/twilio/tests/Twilio/Unit/Http/CurlClientTest.php" line="136" assertions="1" time="0.000030"/>
          <testcase name="testQueryString with data set #10" class="Twilio\Tests\Unit\Http\CurlClientTest" classname="Twilio.Tests.Unit.Http.CurlClientTest" file="/twilio/tests/Twilio/Unit/Http/CurlClientTest.php" line="136" assertions="1" time="0.000040"/>
          <testcase name="testQueryString with data set #11" class="Twilio\Tests\Unit\Http\CurlClientTest" classname="Twilio.Tests.Unit.Http.CurlClientTest" file="/twilio/tests/Twilio/Unit/Http/CurlClientTest.php" line="136" assertions="1" time="0.000024"/>
          <testcase name="testQueryString with data set #12" class="Twilio\Tests\Unit\Http\CurlClientTest" classname="Twilio.Tests.Unit.Http.CurlClientTest" file="/twilio/tests/Twilio/Unit/Http/CurlClientTest.php" line="136" assertions="1" time="0.000020"/>
          <testcase name="testQueryString with data set #13" class="Twilio\Tests\Unit\Http\CurlClientTest" classname="Twilio.Tests.Unit.Http.CurlClientTest" file="/twilio/tests/Twilio/Unit/Http/CurlClientTest.php" line="136" assertions="1" time="0.000024"/>
        </testsuite>
        <testsuite name="Twilio\Tests\Unit\Http\CurlClientTest::testPostFields" tests="7" assertions="14" errors="0" warnings="0" failures="0" skipped="0" time="0.001562">
          <testcase name="testPostFields with data set #0" class="Twilio\Tests\Unit\Http\CurlClientTest" classname="Twilio.Tests.Unit.Http.CurlClientTest" file="/twilio/tests/Twilio/Unit/Http/CurlClientTest.php" line="177" assertions="2" time="0.000407"/>
          <testcase name="testPostFields with data set #1" class="Twilio\Tests\Unit\Http\CurlClientTest" classname="Twilio.Tests.Unit.Http.CurlClientTest" file="/twilio/tests/Twilio/Unit/Http/CurlClientTest.php" line="177" assertions="2" time="0.000089"/>
          <testcase name="testPostFields with data set #2" class="Twilio\Tests\Unit\Http\CurlClientTest" classname="Twilio.Tests.Unit.Http.CurlClientTest" file="/twilio/tests/Twilio/Unit/Http/CurlClientTest.php" line="177" assertions="2" time="0.000037"/>
          <testcase name="testPostFields with data set #3" class="Twilio\Tests\Unit\Http\CurlClientTest" classname="Twilio.Tests.Unit.Http.CurlClientTest" file="/twilio/tests/Twilio/Unit/Http/CurlClientTest.php" line="177" assertions="2" time="0.000146"/>
          <testcase name="testPostFields with data set &quot;file by its path&quot;" class="Twilio\Tests\Unit\Http\CurlClientTest" classname="Twilio.Tests.Unit.Http.CurlClientTest" file="/twilio/tests/Twilio/Unit/Http/CurlClientTest.php" line="177" assertions="2" time="0.000191"/>
          <testcase name="testPostFields with data set &quot;file as a resource&quot;" class="Twilio\Tests\Unit\Http\CurlClientTest" classname="Twilio.Tests.Unit.Http.CurlClientTest" file="/twilio/tests/Twilio/Unit/Http/CurlClientTest.php" line="177" assertions="2" time="0.000310"/>
          <testcase name="testPostFields with data set &quot;file as a string&quot;" class="Twilio\Tests\Unit\Http\CurlClientTest" classname="Twilio.Tests.Unit.Http.CurlClientTest" file="/twilio/tests/Twilio/Unit/Http/CurlClientTest.php" line="177" assertions="2" time="0.000383"/>
        </testsuite>
        <testcase name="testPutFile" class="Twilio\Tests\Unit\Http\CurlClientTest" classname="Twilio.Tests.Unit.Http.CurlClientTest" file="/twilio/tests/Twilio/Unit/Http/CurlClientTest.php" line="251" assertions="3" time="0.000060"/>
        <testsuite name="Twilio\Tests\Unit\Http\CurlClientTest::testUserInjectedOptions" tests="5" assertions="5" errors="0" warnings="0" failures="0" skipped="0" time="0.000374">
          <testcase name="testUserInjectedOptions with data set #0" class="Twilio\Tests\Unit\Http\CurlClientTest" classname="Twilio.Tests.Unit.Http.CurlClientTest" file="/twilio/tests/Twilio/Unit/Http/CurlClientTest.php" line="266" assertions="1" time="0.000210"/>
          <testcase name="testUserInjectedOptions with data set #1" class="Twilio\Tests\Unit\Http\CurlClientTest" classname="Twilio.Tests.Unit.Http.CurlClientTest" file="/twilio/tests/Twilio/Unit/Http/CurlClientTest.php" line="266" assertions="1" time="0.000031"/>
          <testcase name="testUserInjectedOptions with data set #2" class="Twilio\Tests\Unit\Http\CurlClientTest" classname="Twilio.Tests.Unit.Http.CurlClientTest" file="/twilio/tests/Twilio/Unit/Http/CurlClientTest.php" line="266" assertions="1" time="0.000067"/>
          <testcase name="testUserInjectedOptions with data set #3" class="Twilio\Tests\Unit\Http\CurlClientTest" classname="Twilio.Tests.Unit.Http.CurlClientTest" file="/twilio/tests/Twilio/Unit/Http/CurlClientTest.php" line="266" assertions="1" time="0.000035"/>
          <testcase name="testUserInjectedOptions with data set #4" class="Twilio\Tests\Unit\Http\CurlClientTest" classname="Twilio.Tests.Unit.Http.CurlClientTest" file="/twilio/tests/Twilio/Unit/Http/CurlClientTest.php" line="266" assertions="1" time="0.000031"/>
        </testsuite>
      </testsuite>
      <testsuite name="Twilio\Tests\Unit\Http\GuzzleClientTest" file="/twilio/tests/Twilio/Unit/Http/GuzzleClientTest.php" tests="6" assertions="28" errors="0" warnings="0" failures="0" skipped="0" time="0.010683">
        <testcase name="testPostMethod" class="Twilio\Tests\Unit\Http\GuzzleClientTest" classname="Twilio.Tests.Unit.Http.GuzzleClientTest" file="/twilio/tests/Twilio/Unit/Http/GuzzleClientTest.php" line="39" assertions="8" time="0.004916"/>
        <testcase name="testPostMethodArray" class="Twilio\Tests\Unit\Http\GuzzleClientTest" classname="Twilio.Tests.Unit.Http.GuzzleClientTest" file="/twilio/tests/Twilio/Unit/Http/GuzzleClientTest.php" line="58" assertions="6" time="0.000768"/>
        <testcase name="testPostMethodMultipart" class="Twilio\Tests\Unit\Http\GuzzleClientTest" classname="Twilio.Tests.Unit.Http.GuzzleClientTest" file="/twilio/tests/Twilio/Unit/Http/GuzzleClientTest.php" line="72" assertions="6" time="0.002409"/>
        <testcase name="testPostMethodThatThrowsBadResponseException" class="Twilio\Tests\Unit\Http\GuzzleClientTest" classname="Twilio.Tests.Unit.Http.GuzzleClientTest" file="/twilio/tests/Twilio/Unit/Http/GuzzleClientTest.php" line="92" assertions="6" time="0.001042"/>
        <testcase name="testPostMethodThatThrowsException" class="Twilio\Tests\Unit\Http\GuzzleClientTest" classname="Twilio.Tests.Unit.Http.GuzzleClientTest" file="/twilio/tests/Twilio/Unit/Http/GuzzleClientTest.php" line="106" assertions="1" time="0.001020"/>
        <testcase name="testQueryParams" class="Twilio\Tests\Unit\Http\GuzzleClientTest" classname="Twilio.Tests.Unit.Http.GuzzleClientTest" file="/twilio/tests/Twilio/Unit/Http/GuzzleClientTest.php" line="112" assertions="1" time="0.000528"/>
      </testsuite>
      <testsuite name="Twilio\Tests\Unit\InstanceResourceTest" file="/twilio/tests/Twilio/Unit/InstanceResourceTest.php" tests="1" assertions="2" errors="0" warnings="0" failures="0" skipped="0" time="0.003223">
        <testcase name="testIsset" class="Twilio\Tests\Unit\InstanceResourceTest" classname="Twilio.Tests.Unit.InstanceResourceTest" file="/twilio/tests/Twilio/Unit/InstanceResourceTest.php" line="40" assertions="2" time="0.003223"/>
      </testsuite>
      <testsuite name="Twilio\Tests\Unit\Jwt\AccessTokenTest" file="/twilio/tests/Twilio/Unit/Jwt/AccessTokenTest.php" tests="12" assertions="123" errors="0" warnings="0" failures="0" skipped="0" time="0.004163">
        <testcase name="testEmptyGrants" class="Twilio\Tests\Unit\Jwt\AccessTokenTest" classname="Twilio.Tests.Unit.Jwt.AccessTokenTest" file="/twilio/tests/Twilio/Unit/Jwt/AccessTokenTest.php" line="34" assertions="10" time="0.001130"/>
        <testcase name="testMissingRegion" class="Twilio\Tests\Unit\Jwt\AccessTokenTest" classname="Twilio.Tests.Unit.Jwt.AccessTokenTest" file="/twilio/tests/Twilio/Unit/Jwt/AccessTokenTest.php" line="44" assertions="4" time="0.000109"/>
        <testcase name="testValidRegion" class="Twilio\Tests\Unit\Jwt\AccessTokenTest" classname="Twilio.Tests.Unit.Jwt.AccessTokenTest" file="/twilio/tests/Twilio/Unit/Jwt/AccessTokenTest.php" line="55" assertions="4" time="0.000225"/>
        <testcase name="testNbf" class="Twilio\Tests\Unit\Jwt\AccessTokenTest" classname="Twilio.Tests.Unit.Jwt.AccessTokenTest" file="/twilio/tests/Twilio/Unit/Jwt/AccessTokenTest.php" line="67" assertions="12" time="0.000136"/>
        <testcase name="testChatGrant" class="Twilio\Tests\Unit\Jwt\AccessTokenTest" classname="Twilio.Tests.Unit.Jwt.AccessTokenTest" file="/twilio/tests/Twilio/Unit/Jwt/AccessTokenTest.php" line="82" assertions="13" time="0.000317"/>
        <testcase name="testPlaybackGrant" class="Twilio\Tests\Unit\Jwt\AccessTokenTest" classname="Twilio.Tests.Unit.Jwt.AccessTokenTest" file="/twilio/tests/Twilio/Unit/Jwt/AccessTokenTest.php" line="101" assertions="12" time="0.000303"/>
        <testcase name="testSyncGrant" class="Twilio\Tests\Unit\Jwt\AccessTokenTest" classname="Twilio.Tests.Unit.Jwt.AccessTokenTest" file="/twilio/tests/Twilio/Unit/Jwt/AccessTokenTest.php" line="121" assertions="13" time="0.000527"/>
        <testcase name="testVideoGrant" class="Twilio\Tests\Unit\Jwt\AccessTokenTest" classname="Twilio.Tests.Unit.Jwt.AccessTokenTest" file="/twilio/tests/Twilio/Unit/Jwt/AccessTokenTest.php" line="140" assertions="12" time="0.000290"/>
        <testcase name="testGrants" class="Twilio\Tests\Unit\Jwt\AccessTokenTest" classname="Twilio.Tests.Unit.Jwt.AccessTokenTest" file="/twilio/tests/Twilio/Unit/Jwt/AccessTokenTest.php" line="157" assertions="13" time="0.000280"/>
        <testcase name="testVoiceGrant" class="Twilio\Tests\Unit\Jwt\AccessTokenTest" classname="Twilio.Tests.Unit.Jwt.AccessTokenTest" file="/twilio/tests/Twilio/Unit/Jwt/AccessTokenTest.php" line="176" assertions="14" time="0.000631"/>
        <testcase name="testTaskRouterGrant" class="Twilio\Tests\Unit\Jwt\AccessTokenTest" classname="Twilio.Tests.Unit.Jwt.AccessTokenTest" file="/twilio/tests/Twilio/Unit/Jwt/AccessTokenTest.php" line="207" assertions="14" time="0.000155"/>
        <testcase name="testCustomClaims" class="Twilio\Tests\Unit\Jwt\AccessTokenTest" classname="Twilio.Tests.Unit.Jwt.AccessTokenTest" file="/twilio/tests/Twilio/Unit/Jwt/AccessTokenTest.php" line="228" assertions="2" time="0.000059"/>
      </testsuite>
      <testsuite name="Twilio\Tests\Unit\Jwt\ClientTokenTest" file="/twilio/tests/Twilio/Unit/Jwt/ClientTokenTest.php" tests="10" assertions="14" errors="0" warnings="0" failures="0" skipped="0" time="0.001249">
        <testcase name="testNoPermissions" class="Twilio\Tests\Unit\Jwt\ClientTokenTest" classname="Twilio.Tests.Unit.Jwt.ClientTokenTest" file="/twilio/tests/Twilio/Unit/Jwt/ClientTokenTest.php" line="12" assertions="2" time="0.000211"/>
        <testcase name="testInboundPermissions" class="Twilio\Tests\Unit\Jwt\ClientTokenTest" classname="Twilio.Tests.Unit.Jwt.ClientTokenTest" file="/twilio/tests/Twilio/Unit/Jwt/ClientTokenTest.php" line="19" assertions="1" time="0.000433"/>
        <testcase name="testOutboundPermissions" class="Twilio\Tests\Unit\Jwt\ClientTokenTest" classname="Twilio.Tests.Unit.Jwt.ClientTokenTest" file="/twilio/tests/Twilio/Unit/Jwt/ClientTokenTest.php" line="28" assertions="1" time="0.000197"/>
        <testcase name="testOutboundPermissionsParams" class="Twilio\Tests\Unit\Jwt\ClientTokenTest" classname="Twilio.Tests.Unit.Jwt.ClientTokenTest" file="/twilio/tests/Twilio/Unit/Jwt/ClientTokenTest.php" line="36" assertions="1" time="0.000072"/>
        <testcase name="testEvents" class="Twilio\Tests\Unit\Jwt\ClientTokenTest" classname="Twilio.Tests.Unit.Jwt.ClientTokenTest" file="/twilio/tests/Twilio/Unit/Jwt/ClientTokenTest.php" line="45" assertions="1" time="0.000054"/>
        <testcase name="testEventsWithFilters" class="Twilio\Tests\Unit\Jwt\ClientTokenTest" classname="Twilio.Tests.Unit.Jwt.ClientTokenTest" file="/twilio/tests/Twilio/Unit/Jwt/ClientTokenTest.php" line="55" assertions="1" time="0.000067"/>
        <testcase name="testCustomClaims" class="Twilio\Tests\Unit\Jwt\ClientTokenTest" classname="Twilio.Tests.Unit.Jwt.ClientTokenTest" file="/twilio/tests/Twilio/Unit/Jwt/ClientTokenTest.php" line="65" assertions="2" time="0.000076"/>
        <testcase name="testDecode" class="Twilio\Tests\Unit\Jwt\ClientTokenTest" classname="Twilio.Tests.Unit.Jwt.ClientTokenTest" file="/twilio/tests/Twilio/Unit/Jwt/ClientTokenTest.php" line="75" assertions="3" time="0.000063"/>
        <testcase name="testDecodeWithAuthToken" class="Twilio\Tests\Unit\Jwt\ClientTokenTest" classname="Twilio.Tests.Unit.Jwt.ClientTokenTest" file="/twilio/tests/Twilio/Unit/Jwt/ClientTokenTest.php" line="95" assertions="1" time="0.000042"/>
        <testcase name="testClientNameValidation" class="Twilio\Tests\Unit\Jwt\ClientTokenTest" classname="Twilio.Tests.Unit.Jwt.ClientTokenTest" file="/twilio/tests/Twilio/Unit/Jwt/ClientTokenTest.php" line="105" assertions="1" time="0.000033"/>
      </testsuite>
      <testsuite name="Twilio\Tests\Unit\Jwt\TaskRouter\CapabilityTokenTest" file="/twilio/tests/Twilio/Unit/Jwt/TaskRouter/CapabilityTokenTest.php" tests="6" assertions="135" errors="0" warnings="0" failures="0" skipped="0" time="0.002948">
        <testcase name="testDefaultWorker" class="Twilio\Tests\Unit\Jwt\TaskRouter\CapabilityTokenTest" classname="Twilio.Tests.Unit.Jwt.TaskRouter.CapabilityTokenTest" file="/twilio/tests/Twilio/Unit/Jwt/TaskRouter/CapabilityTokenTest.php" line="14" assertions="37" time="0.000702"/>
        <testcase name="testAllowWorkerUpdates" class="Twilio\Tests\Unit\Jwt\TaskRouter\CapabilityTokenTest" classname="Twilio.Tests.Unit.Jwt.TaskRouter.CapabilityTokenTest" file="/twilio/tests/Twilio/Unit/Jwt/TaskRouter/CapabilityTokenTest.php" line="66" assertions="12" time="0.000362"/>
        <testcase name="testAllowReservationUpdates" class="Twilio\Tests\Unit\Jwt\TaskRouter\CapabilityTokenTest" classname="Twilio.Tests.Unit.Jwt.TaskRouter.CapabilityTokenTest" file="/twilio/tests/Twilio/Unit/Jwt/TaskRouter/CapabilityTokenTest.php" line="89" assertions="17" time="0.000382"/>
        <testcase name="testDefaultWorkspace" class="Twilio\Tests\Unit\Jwt\TaskRouter\CapabilityTokenTest" classname="Twilio.Tests.Unit.Jwt.TaskRouter.CapabilityTokenTest" file="/twilio/tests/Twilio/Unit/Jwt/TaskRouter/CapabilityTokenTest.php" line="119" assertions="21" time="0.000929"/>
        <testcase name="testWorkspaceFetchAll" class="Twilio\Tests\Unit\Jwt\TaskRouter\CapabilityTokenTest" classname="Twilio.Tests.Unit.Jwt.TaskRouter.CapabilityTokenTest" file="/twilio/tests/Twilio/Unit/Jwt/TaskRouter/CapabilityTokenTest.php" line="152" assertions="26" time="0.000209"/>
        <testcase name="testDefaultTaskQueue" class="Twilio\Tests\Unit\Jwt\TaskRouter\CapabilityTokenTest" classname="Twilio.Tests.Unit.Jwt.TaskRouter.CapabilityTokenTest" file="/twilio/tests/Twilio/Unit/Jwt/TaskRouter/CapabilityTokenTest.php" line="192" assertions="22" time="0.000363"/>
      </testsuite>
      <testsuite name="Twilio\Tests\Unit\RequestValidatorTest" file="/twilio/tests/Twilio/Unit/RequestValidatorTest.php" tests="13" assertions="13" errors="0" warnings="0" failures="0" skipped="0" time="0.001151">
        <testcase name="testValidate" class="Twilio\Tests\Unit\RequestValidatorTest" classname="Twilio.Tests.Unit.RequestValidatorTest" file="/twilio/tests/Twilio/Unit/RequestValidatorTest.php" line="26" assertions="1" time="0.000245"/>
        <testcase name="testFailsWhenIncorrect" class="Twilio\Tests\Unit\RequestValidatorTest" classname="Twilio.Tests.Unit.RequestValidatorTest" file="/twilio/tests/Twilio/Unit/RequestValidatorTest.php" line="31" assertions="1" time="0.000089"/>
        <testcase name="testValidateWithArrayAndDuplicates" class="Twilio\Tests\Unit\RequestValidatorTest" classname="Twilio.Tests.Unit.RequestValidatorTest" file="/twilio/tests/Twilio/Unit/RequestValidatorTest.php" line="36" assertions="1" time="0.000045"/>
        <testcase name="testValidateBody" class="Twilio\Tests\Unit\RequestValidatorTest" classname="Twilio.Tests.Unit.RequestValidatorTest" file="/twilio/tests/Twilio/Unit/RequestValidatorTest.php" line="47" assertions="1" time="0.000026"/>
        <testcase name="testValidateWithBody" class="Twilio\Tests\Unit\RequestValidatorTest" classname="Twilio.Tests.Unit.RequestValidatorTest" file="/twilio/tests/Twilio/Unit/RequestValidatorTest.php" line="52" assertions="1" time="0.000045"/>
        <testcase name="testValidateBodyWithoutSignature" class="Twilio\Tests\Unit\RequestValidatorTest" classname="Twilio.Tests.Unit.RequestValidatorTest" file="/twilio/tests/Twilio/Unit/RequestValidatorTest.php" line="60" assertions="1" time="0.000072"/>
        <testcase name="testValidateRemovesPortHttps" class="Twilio\Tests\Unit\RequestValidatorTest" classname="Twilio.Tests.Unit.RequestValidatorTest" file="/twilio/tests/Twilio/Unit/RequestValidatorTest.php" line="66" assertions="1" time="0.000117"/>
        <testcase name="testValidateRemovesPortHttp" class="Twilio\Tests\Unit\RequestValidatorTest" classname="Twilio.Tests.Unit.RequestValidatorTest" file="/twilio/tests/Twilio/Unit/RequestValidatorTest.php" line="72" assertions="1" time="0.000045"/>
        <testcase name="testValidateAddsPortHttps" class="Twilio\Tests\Unit\RequestValidatorTest" classname="Twilio.Tests.Unit.RequestValidatorTest" file="/twilio/tests/Twilio/Unit/RequestValidatorTest.php" line="80" assertions="1" time="0.000042"/>
        <testcase name="testValidateAddsPortHttp" class="Twilio\Tests\Unit\RequestValidatorTest" classname="Twilio.Tests.Unit.RequestValidatorTest" file="/twilio/tests/Twilio/Unit/RequestValidatorTest.php" line="86" assertions="1" time="0.000268"/>
        <testcase name="testBuildUrlCreds" class="Twilio\Tests\Unit\RequestValidatorTest" classname="Twilio.Tests.Unit.RequestValidatorTest" file="/twilio/tests/Twilio/Unit/RequestValidatorTest.php" line="93" assertions="1" time="0.000059"/>
        <testcase name="testBuildUrlWithUser" class="Twilio\Tests\Unit\RequestValidatorTest" classname="Twilio.Tests.Unit.RequestValidatorTest" file="/twilio/tests/Twilio/Unit/RequestValidatorTest.php" line="100" assertions="1" time="0.000045"/>
        <testcase name="testBuildUrlCredsAddsPort" class="Twilio\Tests\Unit\RequestValidatorTest" classname="Twilio.Tests.Unit.RequestValidatorTest" file="/twilio/tests/Twilio/Unit/RequestValidatorTest.php" line="107" assertions="1" time="0.000053"/>
      </testsuite>
      <testsuite name="Twilio\Tests\Unit\Rest\PhpUnitTest" file="/twilio/tests/Twilio/Unit/Rest/PhpUnitTest.php" tests="1" assertions="1" errors="0" warnings="0" failures="0" skipped="0" time="0.000200">
        <testcase name="testDummyTest" class="Twilio\Tests\Unit\Rest\PhpUnitTest" classname="Twilio.Tests.Unit.Rest.PhpUnitTest" file="/twilio/tests/Twilio/Unit/Rest/PhpUnitTest.php" line="17" assertions="1" time="0.000200"/>
      </testsuite>
      <testsuite name="Twilio\Tests\Unit\SerializeTest" file="/twilio/tests/Twilio/Unit/SerializeTest.php" tests="21" assertions="28" errors="0" warnings="0" failures="0" skipped="0" time="0.001377">
        <testcase name="testNull" class="Twilio\Tests\Unit\SerializeTest" classname="Twilio.Tests.Unit.SerializeTest" file="/twilio/tests/Twilio/Unit/SerializeTest.php" line="10" assertions="1" time="0.000505"/>
        <testcase name="testEmptyArray" class="Twilio\Tests\Unit\SerializeTest" classname="Twilio.Tests.Unit.SerializeTest" file="/twilio/tests/Twilio/Unit/SerializeTest.php" line="15" assertions="1" time="0.000059"/>
        <testcase name="testSingleKey" class="Twilio\Tests\Unit\SerializeTest" classname="Twilio.Tests.Unit.SerializeTest" file="/twilio/tests/Twilio/Unit/SerializeTest.php" line="20" assertions="1" time="0.000028"/>
        <testcase name="testNestedKey" class="Twilio\Tests\Unit\SerializeTest" classname="Twilio.Tests.Unit.SerializeTest" file="/twilio/tests/Twilio/Unit/SerializeTest.php" line="25" assertions="1" time="0.000025"/>
        <testcase name="testMultipleKeys" class="Twilio\Tests\Unit\SerializeTest" classname="Twilio.Tests.Unit.SerializeTest" file="/twilio/tests/Twilio/Unit/SerializeTest.php" line="30" assertions="1" time="0.000030"/>
        <testcase name="testIso8601DateNull" class="Twilio\Tests\Unit\SerializeTest" classname="Twilio.Tests.Unit.SerializeTest" file="/twilio/tests/Twilio/Unit/SerializeTest.php" line="45" assertions="1" time="0.000021"/>
        <testcase name="testIso8601DateNone" class="Twilio\Tests\Unit\SerializeTest" classname="Twilio.Tests.Unit.SerializeTest" file="/twilio/tests/Twilio/Unit/SerializeTest.php" line="50" assertions="1" time="0.000021"/>
        <testcase name="testIso8601DatePassString" class="Twilio\Tests\Unit\SerializeTest" classname="Twilio.Tests.Unit.SerializeTest" file="/twilio/tests/Twilio/Unit/SerializeTest.php" line="55" assertions="1" time="0.000020"/>
        <testcase name="testIso8601DateSameTimezone" class="Twilio\Tests\Unit\SerializeTest" classname="Twilio.Tests.Unit.SerializeTest" file="/twilio/tests/Twilio/Unit/SerializeTest.php" line="62" assertions="1" time="0.000034"/>
        <testcase name="testIso8601DateDifferentTimezone" class="Twilio\Tests\Unit\SerializeTest" classname="Twilio.Tests.Unit.SerializeTest" file="/twilio/tests/Twilio/Unit/SerializeTest.php" line="68" assertions="2" time="0.000056"/>
        <testcase name="testIso8601DateTimeNull" class="Twilio\Tests\Unit\SerializeTest" classname="Twilio.Tests.Unit.SerializeTest" file="/twilio/tests/Twilio/Unit/SerializeTest.php" line="76" assertions="1" time="0.000024"/>
        <testcase name="testIso8601DateTimeNone" class="Twilio\Tests\Unit\SerializeTest" classname="Twilio.Tests.Unit.SerializeTest" file="/twilio/tests/Twilio/Unit/SerializeTest.php" line="81" assertions="1" time="0.000020"/>
        <testcase name="testIso8601DateTimePassString" class="Twilio\Tests\Unit\SerializeTest" classname="Twilio.Tests.Unit.SerializeTest" file="/twilio/tests/Twilio/Unit/SerializeTest.php" line="86" assertions="1" time="0.000019"/>
        <testcase name="testIso8601DateTimeSameTimezone" class="Twilio\Tests\Unit\SerializeTest" classname="Twilio.Tests.Unit.SerializeTest" file="/twilio/tests/Twilio/Unit/SerializeTest.php" line="93" assertions="1" time="0.000023"/>
        <testcase name="testIso8601DateTimeDifferentTimezone" class="Twilio\Tests\Unit\SerializeTest" classname="Twilio.Tests.Unit.SerializeTest" file="/twilio/tests/Twilio/Unit/SerializeTest.php" line="99" assertions="2" time="0.000023"/>
        <testcase name="testBooleanToString" class="Twilio\Tests\Unit\SerializeTest" classname="Twilio.Tests.Unit.SerializeTest" file="/twilio/tests/Twilio/Unit/SerializeTest.php" line="107" assertions="2" time="0.000020"/>
        <testcase name="testBooleanToStringPassThroughSpecialVals" class="Twilio\Tests\Unit\SerializeTest" classname="Twilio.Tests.Unit.SerializeTest" file="/twilio/tests/Twilio/Unit/SerializeTest.php" line="115" assertions="2" time="0.000018"/>
        <testcase name="testJsonObjectSerializesArrays" class="Twilio\Tests\Unit\SerializeTest" classname="Twilio.Tests.Unit.SerializeTest" file="/twilio/tests/Twilio/Unit/SerializeTest.php" line="124" assertions="2" time="0.000021"/>
        <testcase name="testJsonObjectPassThroughOtherVals" class="Twilio\Tests\Unit\SerializeTest" classname="Twilio.Tests.Unit.SerializeTest" file="/twilio/tests/Twilio/Unit/SerializeTest.php" line="132" assertions="1" time="0.000017"/>
        <testcase name="testMapAppliesFunctionToArray" class="Twilio\Tests\Unit\SerializeTest" classname="Twilio.Tests.Unit.SerializeTest" file="/twilio/tests/Twilio/Unit/SerializeTest.php" line="137" assertions="1" time="0.000019"/>
        <testcase name="testMapPassThroughOtherVals" class="Twilio\Tests\Unit\SerializeTest" classname="Twilio.Tests.Unit.SerializeTest" file="/twilio/tests/Twilio/Unit/SerializeTest.php" line="144" assertions="3" time="0.000375"/>
      </testsuite>
      <testsuite name="Twilio\Tests\Unit\TwiML\FaxResponseTest" file="/twilio/tests/Twilio/Unit/TwiML/FaxResponseTest.php" tests="5" assertions="5" errors="0" warnings="0" failures="0" skipped="0" time="0.001806">
        <testcase name="testTextNode" class="Twilio\Tests\Unit\TwiML\FaxResponseTest" classname="Twilio.Tests.Unit.TwiML.FaxResponseTest" file="/twilio/tests/Twilio/Unit/TwiML/FaxResponseTest.php" line="9" assertions="1" time="0.000442"/>
        <testcase name="testMixedText" class="Twilio\Tests\Unit\TwiML\FaxResponseTest" classname="Twilio.Tests.Unit.TwiML.FaxResponseTest" file="/twilio/tests/Twilio/Unit/TwiML/FaxResponseTest.php" line="16" assertions="1" time="0.000307"/>
        <testcase name="testEmptyResponse" class="Twilio\Tests\Unit\TwiML\FaxResponseTest" classname="Twilio.Tests.Unit.TwiML.FaxResponseTest" file="/twilio/tests/Twilio/Unit/TwiML/FaxResponseTest.php" line="29" assertions="1" time="0.000185"/>
        <testcase name="testAllowGenericChildNodes" class="Twilio\Tests\Unit\TwiML\FaxResponseTest" classname="Twilio.Tests.Unit.TwiML.FaxResponseTest" file="/twilio/tests/Twilio/Unit/TwiML/FaxResponseTest.php" line="33" assertions="1" time="0.000132"/>
        <testcase name="testAllowGenericChildrenOfChildNodes" class="Twilio\Tests\Unit\TwiML\FaxResponseTest" classname="Twilio.Tests.Unit.TwiML.FaxResponseTest" file="/twilio/tests/Twilio/Unit/TwiML/FaxResponseTest.php" line="40" assertions="1" time="0.000739"/>
      </testsuite>
      <testsuite name="Twilio\Tests\Unit\TwiML\Messaging\MessageTest" file="/twilio/tests/Twilio/Unit/TwiML/Messaging/MessageTest.php" tests="1" assertions="1" errors="0" warnings="0" failures="0" skipped="0" time="0.000206">
        <testcase name="testAddBodyToMessage" class="Twilio\Tests\Unit\TwiML\Messaging\MessageTest" classname="Twilio.Tests.Unit.TwiML.Messaging.MessageTest" file="/twilio/tests/Twilio/Unit/TwiML/Messaging/MessageTest.php" line="9" assertions="1" time="0.000206"/>
      </testsuite>
      <testsuite name="Twilio\Tests\Unit\TwiML\MessagingResponseTest" file="/twilio/tests/Twilio/Unit/TwiML/MessagingResponseTest.php" tests="6" assertions="6" errors="0" warnings="0" failures="0" skipped="0" time="0.001332">
        <testcase name="testTextNode" class="Twilio\Tests\Unit\TwiML\MessagingResponseTest" classname="Twilio.Tests.Unit.TwiML.MessagingResponseTest" file="/twilio/tests/Twilio/Unit/TwiML/MessagingResponseTest.php" line="9" assertions="1" time="0.000143"/>
        <testcase name="testMixedText" class="Twilio\Tests\Unit\TwiML\MessagingResponseTest" classname="Twilio.Tests.Unit.TwiML.MessagingResponseTest" file="/twilio/tests/Twilio/Unit/TwiML/MessagingResponseTest.php" line="16" assertions="1" time="0.000225"/>
        <testcase name="testEmptyResponse" class="Twilio\Tests\Unit\TwiML\MessagingResponseTest" classname="Twilio.Tests.Unit.TwiML.MessagingResponseTest" file="/twilio/tests/Twilio/Unit/TwiML/MessagingResponseTest.php" line="28" assertions="1" time="0.000136"/>
        <testcase name="testAllowGenericChildNodes" class="Twilio\Tests\Unit\TwiML\MessagingResponseTest" classname="Twilio.Tests.Unit.TwiML.MessagingResponseTest" file="/twilio/tests/Twilio/Unit/TwiML/MessagingResponseTest.php" line="32" assertions="1" time="0.000308"/>
        <testcase name="testAllowGenericChildrenOfChildNodes" class="Twilio\Tests\Unit\TwiML\MessagingResponseTest" classname="Twilio.Tests.Unit.TwiML.MessagingResponseTest" file="/twilio/tests/Twilio/Unit/TwiML/MessagingResponseTest.php" line="39" assertions="1" time="0.000070"/>
        <testcase name="testGenericMixedText" class="Twilio\Tests\Unit\TwiML\MessagingResponseTest" classname="Twilio.Tests.Unit.TwiML.MessagingResponseTest" file="/twilio/tests/Twilio/Unit/TwiML/MessagingResponseTest.php" line="48" assertions="1" time="0.000450"/>
      </testsuite>
      <testsuite name="Twilio\Tests\Unit\TwiML\Voice\GatherTest" file="/twilio/tests/Twilio/Unit/TwiML/Voice/GatherTest.php" tests="1" assertions="1" errors="0" warnings="0" failures="0" skipped="0" time="0.000487">
        <testcase name="testAddASayToGather" class="Twilio\Tests\Unit\TwiML\Voice\GatherTest" classname="Twilio.Tests.Unit.TwiML.Voice.GatherTest" file="/twilio/tests/Twilio/Unit/TwiML/Voice/GatherTest.php" line="9" assertions="1" time="0.000487"/>
      </testsuite>
      <testsuite name="Twilio\Tests\Unit\TwiML\VoiceResponseTest" file="/twilio/tests/Twilio/Unit/TwiML/VoiceResponseTest.php" tests="5" assertions="5" errors="0" warnings="0" failures="0" skipped="0" time="0.000941">
        <testcase name="testTextNode" class="Twilio\Tests\Unit\TwiML\VoiceResponseTest" classname="Twilio.Tests.Unit.TwiML.VoiceResponseTest" file="/twilio/tests/Twilio/Unit/TwiML/VoiceResponseTest.php" line="9" assertions="1" time="0.000234"/>
        <testcase name="testMixedText" class="Twilio\Tests\Unit\TwiML\VoiceResponseTest" classname="Twilio.Tests.Unit.TwiML.VoiceResponseTest" file="/twilio/tests/Twilio/Unit/TwiML/VoiceResponseTest.php" line="16" assertions="1" time="0.000480"/>
        <testcase name="testEmptyResponse" class="Twilio\Tests\Unit\TwiML\VoiceResponseTest" classname="Twilio.Tests.Unit.TwiML.VoiceResponseTest" file="/twilio/tests/Twilio/Unit/TwiML/VoiceResponseTest.php" line="28" assertions="1" time="0.000093"/>
        <testcase name="testAllowGenericChildNodes" class="Twilio\Tests\Unit\TwiML\VoiceResponseTest" classname="Twilio.Tests.Unit.TwiML.VoiceResponseTest" file="/twilio/tests/Twilio/Unit/TwiML/VoiceResponseTest.php" line="32" assertions="1" time="0.000067"/>
        <testcase name="testAllowGenericChildrenOfChildNodes" class="Twilio\Tests\Unit\TwiML\VoiceResponseTest" classname="Twilio.Tests.Unit.TwiML.VoiceResponseTest" file="/twilio/tests/Twilio/Unit/TwiML/VoiceResponseTest.php" line="39" assertions="1" time="0.000067"/>
      </testsuite>
      <testsuite name="Twilio\Tests\Unit\ValuesTest" file="/twilio/tests/Twilio/Unit/ValuesTest.php" tests="5" assertions="16" errors="0" warnings="0" failures="0" skipped="0" time="0.000291">
        <testcase name="testDirectKeyAccess" class="Twilio\Tests\Unit\ValuesTest" classname="Twilio.Tests.Unit.ValuesTest" file="/twilio/tests/Twilio/Unit/ValuesTest.php" line="11" assertions="3" time="0.000032"/>
        <testcase name="testCaseInsensitiveAccess" class="Twilio\Tests\Unit\ValuesTest" classname="Twilio.Tests.Unit.ValuesTest" file="/twilio/tests/Twilio/Unit/ValuesTest.php" line="23" assertions="9" time="0.000153"/>
        <testcase name="testUnknownKeySentinel" class="Twilio\Tests\Unit\ValuesTest" classname="Twilio.Tests.Unit.ValuesTest" file="/twilio/tests/Twilio/Unit/ValuesTest.php" line="43" assertions="2" time="0.000053"/>
        <testcase name="testUnknownValuesRemoved" class="Twilio\Tests\Unit\ValuesTest" classname="Twilio.Tests.Unit.ValuesTest" file="/twilio/tests/Twilio/Unit/ValuesTest.php" line="52" assertions="1" time="0.000028"/>
        <testcase name="testArrayValues" class="Twilio\Tests\Unit\ValuesTest" classname="Twilio.Tests.Unit.ValuesTest" file="/twilio/tests/Twilio/Unit/ValuesTest.php" line="65" assertions="1" time="0.000025"/>
      </testsuite>
      <testsuite name="Twilio\Tests\Unit\VersionTest" file="/twilio/tests/Twilio/Unit/VersionTest.php" tests="110" assertions="110" errors="7" warnings="0" failures="0" skipped="0" time="0.009415">
        <testsuite name="Twilio\Tests\Unit\VersionTest::testReadLimits" tests="7" assertions="14" errors="0" warnings="0" failures="0" skipped="0" time="0.000811">
          <testcase name="testReadLimits with data set #0" class="Twilio\Tests\Unit\VersionTest" classname="Twilio.Tests.Unit.VersionTest" file="/twilio/tests/Twilio/Unit/VersionTest.php" line="90" assertions="2" time="0.000227"/>
          <testcase name="testReadLimits with data set #1" class="Twilio\Tests\Unit\VersionTest" classname="Twilio.Tests.Unit.VersionTest" file="/twilio/tests/Twilio/Unit/VersionTest.php" line="90" assertions="2" time="0.000079"/>
          <testcase name="testReadLimits with data set #2" class="Twilio\Tests\Unit\VersionTest" classname="Twilio.Tests.Unit.VersionTest" file="/twilio/tests/Twilio/Unit/VersionTest.php" line="90" assertions="2" time="0.000118"/>
          <testcase name="testReadLimits with data set #3" class="Twilio\Tests\Unit\VersionTest" classname="Twilio.Tests.Unit.VersionTest" file="/twilio/tests/Twilio/Unit/VersionTest.php" line="90" assertions="2" time="0.000265"/>
          <testcase name="testReadLimits with data set #4" class="Twilio\Tests\Unit\VersionTest" classname="Twilio.Tests.Unit.VersionTest" file="/twilio/tests/Twilio/Unit/VersionTest.php" line="90" assertions="2" time="0.000047"/>
          <testcase name="testReadLimits with data set #5" class="Twilio\Tests\Unit\VersionTest" classname="Twilio.Tests.Unit.VersionTest" file="/twilio/tests/Twilio/Unit/VersionTest.php" line="90" assertions="2" time="0.000039"/>
          <testcase name="testReadLimits with data set #6" class="Twilio\Tests\Unit\VersionTest" classname="Twilio.Tests.Unit.VersionTest" file="/twilio/tests/Twilio/Unit/VersionTest.php" line="90" assertions="2" time="0.000035"/>
        </testsuite>
        <testsuite name="Twilio\Tests\Unit\VersionTest::testStream" tests="3" assertions="0" errors="3" warnings="0" failures="0" skipped="0" time="0.001383">
          <testcase name="testStream with data set #0" class="Twilio\Tests\Unit\VersionTest" classname="Twilio.Tests.Unit.VersionTest" file="/twilio/tests/Twilio/Unit/VersionTest.php" line="143" assertions="0" time="0.001205">
            <error type="Error">Twilio\Tests\Unit\VersionTest::testStream with data set #0 ('No limits', null, null, 5)
Error: Call to undefined method Twilio\Rest\Client::request()

/twilio/src/Twilio/Domain.php:63
/twilio/src/Twilio/Version.php:57
/twilio/src/Twilio/Version.php:189
/twilio/tests/Twilio/Unit/VersionTest.php:167
phpvfscomposer:///twilio/vendor/phpunit/phpunit/phpunit:97</error>
          </testcase>
          <testcase name="testStream with data set #1" class="Twilio\Tests\Unit\VersionTest" classname="Twilio.Tests.Unit.VersionTest" file="/twilio/tests/Twilio/Unit/VersionTest.php" line="143" assertions="0" time="0.000081">
            <error type="Error">Twilio\Tests\Unit\VersionTest::testStream with data set #1 ('Item limit', 3, null, 3)
Error: Call to undefined method Twilio\Rest\Client::request()

/twilio/src/Twilio/Domain.php:63
/twilio/src/Twilio/Version.php:57
/twilio/src/Twilio/Version.php:189
/twilio/tests/Twilio/Unit/VersionTest.php:167
phpvfscomposer:///twilio/vendor/phpunit/phpunit/phpunit:97</error>
          </testcase>
          <testcase name="testStream with data set #2" class="Twilio\Tests\Unit\VersionTest" classname="Twilio.Tests.Unit.VersionTest" file="/twilio/tests/Twilio/Unit/VersionTest.php" line="143" assertions="0" time="0.000097">
            <error type="Error">Twilio\Tests\Unit\VersionTest::testStream with data set #2 ('Page limit', null, 1, 2)
Error: Call to undefined method Twilio\Rest\Client::request()

/twilio/src/Twilio/Domain.php:63
/twilio/src/Twilio/Version.php:57
/twilio/src/Twilio/Version.php:189
/twilio/tests/Twilio/Unit/VersionTest.php:167
phpvfscomposer:///twilio/vendor/phpunit/phpunit/phpunit:97</error>
          </testcase>
        </testsuite>
        <testcase name="testHttp307Redirect" class="Twilio\Tests\Unit\VersionTest" classname="Twilio.Tests.Unit.VersionTest" file="/twilio/tests/Twilio/Unit/VersionTest.php" line="185" assertions="0" time="0.000571">
          <error type="Error">Twilio\Tests\Unit\VersionTest::testHttp307Redirect
Error: Call to undefined method Twilio\Rest\Client::request()

/twilio/src/Twilio/Domain.php:63
/twilio/src/Twilio/Version.php:57
/twilio/src/Twilio/Version.php:102
/twilio/tests/Twilio/Unit/VersionTest.php:192
phpvfscomposer:///twilio/vendor/phpunit/phpunit/phpunit:97</error>
        </testcase>
        <testsuite name="Twilio\Tests\Unit\VersionTest::testRelativeUri" tests="48" assertions="48" errors="0" warnings="0" failures="0" skipped="0" time="0.002413">
          <testcase name="testRelativeUri with data set #0" class="Twilio\Tests\Unit\VersionTest" classname="Twilio.Tests.Unit.VersionTest" file="/twilio/tests/Twilio/Unit/VersionTest.php" line="202" assertions="1" time="0.000073"/>
          <testcase name="testRelativeUri with data set #1" class="Twilio\Tests\Unit\VersionTest" classname="Twilio.Tests.Unit.VersionTest" file="/twilio/tests/Twilio/Unit/VersionTest.php" line="202" assertions="1" time="0.000043"/>
          <testcase name="testRelativeUri with data set #2" class="Twilio\Tests\Unit\VersionTest" classname="Twilio.Tests.Unit.VersionTest" file="/twilio/tests/Twilio/Unit/VersionTest.php" line="202" assertions="1" time="0.000098"/>
          <testcase name="testRelativeUri with data set #3" class="Twilio\Tests\Unit\VersionTest" classname="Twilio.Tests.Unit.VersionTest" file="/twilio/tests/Twilio/Unit/VersionTest.php" line="202" assertions="1" time="0.000064"/>
          <testcase name="testRelativeUri with data set #4" class="Twilio\Tests\Unit\VersionTest" classname="Twilio.Tests.Unit.VersionTest" file="/twilio/tests/Twilio/Unit/VersionTest.php" line="202" assertions="1" time="0.000039"/>
          <testcase name="testRelativeUri with data set #5" class="Twilio\Tests\Unit\VersionTest" classname="Twilio.Tests.Unit.VersionTest" file="/twilio/tests/Twilio/Unit/VersionTest.php" line="202" assertions="1" time="0.000055"/>
          <testcase name="testRelativeUri with data set #6" class="Twilio\Tests\Unit\VersionTest" classname="Twilio.Tests.Unit.VersionTest" file="/twilio/tests/Twilio/Unit/VersionTest.php" line="202" assertions="1" time="0.000037"/>
          <testcase name="testRelativeUri with data set #7" class="Twilio\Tests\Unit\VersionTest" classname="Twilio.Tests.Unit.VersionTest" file="/twilio/tests/Twilio/Unit/VersionTest.php" line="202" assertions="1" time="0.000034"/>
          <testcase name="testRelativeUri with data set #8" class="Twilio\Tests\Unit\VersionTest" classname="Twilio.Tests.Unit.VersionTest" file="/twilio/tests/Twilio/Unit/VersionTest.php" line="202" assertions="1" time="0.000032"/>
          <testcase name="testRelativeUri with data set #9" class="Twilio\Tests\Unit\VersionTest" classname="Twilio.Tests.Unit.VersionTest" file="/twilio/tests/Twilio/Unit/VersionTest.php" line="202" assertions="1" time="0.000070"/>
          <testcase name="testRelativeUri with data set #10" class="Twilio\Tests\Unit\VersionTest" classname="Twilio.Tests.Unit.VersionTest" file="/twilio/tests/Twilio/Unit/VersionTest.php" line="202" assertions="1" time="0.000140"/>
          <testcase name="testRelativeUri with data set #11" class="Twilio\Tests\Unit\VersionTest" classname="Twilio.Tests.Unit.VersionTest" file="/twilio/tests/Twilio/Unit/VersionTest.php" line="202" assertions="1" time="0.000041"/>
          <testcase name="testRelativeUri with data set #12" class="Twilio\Tests\Unit\VersionTest" classname="Twilio.Tests.Unit.VersionTest" file="/twilio/tests/Twilio/Unit/VersionTest.php" line="202" assertions="1" time="0.000036"/>
          <testcase name="testRelativeUri with data set #13" class="Twilio\Tests\Unit\VersionTest" classname="Twilio.Tests.Unit.VersionTest" file="/twilio/tests/Twilio/Unit/VersionTest.php" line="202" assertions="1" time="0.000062"/>
          <testcase name="testRelativeUri with data set #14" class="Twilio\Tests\Unit\VersionTest" classname="Twilio.Tests.Unit.VersionTest" file="/twilio/tests/Twilio/Unit/VersionTest.php" line="202" assertions="1" time="0.000038"/>
          <testcase name="testRelativeUri with data set #15" class="Twilio\Tests\Unit\VersionTest" classname="Twilio.Tests.Unit.VersionTest" file="/twilio/tests/Twilio/Unit/VersionTest.php" line="202" assertions="1" time="0.000034"/>
          <testcase name="testRelativeUri with data set #16" class="Twilio\Tests\Unit\VersionTest" classname="Twilio.Tests.Unit.VersionTest" file="/twilio/tests/Twilio/Unit/VersionTest.php" line="202" assertions="1" time="0.000032"/>
          <testcase name="testRelativeUri with data set #17" class="Twilio\Tests\Unit\VersionTest" classname="Twilio.Tests.Unit.VersionTest" file="/twilio/tests/Twilio/Unit/VersionTest.php" line="202" assertions="1" time="0.000032"/>
          <testcase name="testRelativeUri with data set #18" class="Twilio\Tests\Unit\VersionTest" classname="Twilio.Tests.Unit.VersionTest" file="/twilio/tests/Twilio/Unit/VersionTest.php" line="202" assertions="1" time="0.000031"/>
          <testcase name="testRelativeUri with data set #19" class="Twilio\Tests\Unit\VersionTest" classname="Twilio.Tests.Unit.VersionTest" file="/twilio/tests/Twilio/Unit/VersionTest.php" line="202" assertions="1" time="0.000164"/>
          <testcase name="testRelativeUri with data set #20" class="Twilio\Tests\Unit\VersionTest" classname="Twilio.Tests.Unit.VersionTest" file="/twilio/tests/Twilio/Unit/VersionTest.php" line="202" assertions="1" time="0.000044"/>
          <testcase name="testRelativeUri with data set #21" class="Twilio\Tests\Unit\VersionTest" classname="Twilio.Tests.Unit.VersionTest" file="/twilio/tests/Twilio/Unit/VersionTest.php" line="202" assertions="1" time="0.000035"/>
          <testcase name="testRelativeUri with data set #22" class="Twilio\Tests\Unit\VersionTest" classname="Twilio.Tests.Unit.VersionTest" file="/twilio/tests/Twilio/Unit/VersionTest.php" line="202" assertions="1" time="0.000032"/>
          <testcase name="testRelativeUri with data set #23" class="Twilio\Tests\Unit\VersionTest" classname="Twilio.Tests.Unit.VersionTest" file="/twilio/tests/Twilio/Unit/VersionTest.php" line="202" assertions="1" time="0.000032"/>
          <testcase name="testRelativeUri with data set #24" class="Twilio\Tests\Unit\VersionTest" classname="Twilio.Tests.Unit.VersionTest" file="/twilio/tests/Twilio/Unit/VersionTest.php" line="202" assertions="1" time="0.000031"/>
          <testcase name="testRelativeUri with data set #25" class="Twilio\Tests\Unit\VersionTest" classname="Twilio.Tests.Unit.VersionTest" file="/twilio/tests/Twilio/Unit/VersionTest.php" line="202" assertions="1" time="0.000036"/>
          <testcase name="testRelativeUri with data set #26" class="Twilio\Tests\Unit\VersionTest" classname="Twilio.Tests.Unit.VersionTest" file="/twilio/tests/Twilio/Unit/VersionTest.php" line="202" assertions="1" time="0.000030"/>
          <testcase name="testRelativeUri with data set #27" class="Twilio\Tests\Unit\VersionTest" classname="Twilio.Tests.Unit.VersionTest" file="/twilio/tests/Twilio/Unit/VersionTest.php" line="202" assertions="1" time="0.000029"/>
          <testcase name="testRelativeUri with data set #28" class="Twilio\Tests\Unit\VersionTest" classname="Twilio.Tests.Unit.VersionTest" file="/twilio/tests/Twilio/Unit/VersionTest.php" line="202" assertions="1" time="0.000064"/>
          <testcase name="testRelativeUri with data set #29" class="Twilio\Tests\Unit\VersionTest" classname="Twilio.Tests.Unit.VersionTest" file="/twilio/tests/Twilio/Unit/VersionTest.php" line="202" assertions="1" time="0.000046"/>
          <testcase name="testRelativeUri with data set #30" class="Twilio\Tests\Unit\VersionTest" classname="Twilio.Tests.Unit.VersionTest" file="/twilio/tests/Twilio/Unit/VersionTest.php" line="202" assertions="1" time="0.000029"/>
          <testcase name="testRelativeUri with data set #31" class="Twilio\Tests\Unit\VersionTest" classname="Twilio.Tests.Unit.VersionTest" file="/twilio/tests/Twilio/Unit/VersionTest.php" line="202" assertions="1" time="0.000029"/>
          <testcase name="testRelativeUri with data set #32" class="Twilio\Tests\Unit\VersionTest" classname="Twilio.Tests.Unit.VersionTest" file="/twilio/tests/Twilio/Unit/VersionTest.php" line="202" assertions="1" time="0.000029"/>
          <testcase name="testRelativeUri with data set #33" class="Twilio\Tests\Unit\VersionTest" classname="Twilio.Tests.Unit.VersionTest" file="/twilio/tests/Twilio/Unit/VersionTest.php" line="202" assertions="1" time="0.000216"/>
          <testcase name="testRelativeUri with data set #34" class="Twilio\Tests\Unit\VersionTest" classname="Twilio.Tests.Unit.VersionTest" file="/twilio/tests/Twilio/Unit/VersionTest.php" line="202" assertions="1" time="0.000048"/>
          <testcase name="testRelativeUri with data set #35" class="Twilio\Tests\Unit\VersionTest" classname="Twilio.Tests.Unit.VersionTest" file="/twilio/tests/Twilio/Unit/VersionTest.php" line="202" assertions="1" time="0.000044"/>
          <testcase name="testRelativeUri with data set #36" class="Twilio\Tests\Unit\VersionTest" classname="Twilio.Tests.Unit.VersionTest" file="/twilio/tests/Twilio/Unit/VersionTest.php" line="202" assertions="1" time="0.000040"/>
          <testcase name="testRelativeUri with data set #37" class="Twilio\Tests\Unit\VersionTest" classname="Twilio.Tests.Unit.VersionTest" file="/twilio/tests/Twilio/Unit/VersionTest.php" line="202" assertions="1" time="0.000135"/>
          <testcase name="testRelativeUri with data set #38" class="Twilio\Tests\Unit\VersionTest" classname="Twilio.Tests.Unit.VersionTest" file="/twilio/tests/Twilio/Unit/VersionTest.php" line="202" assertions="1" time="0.000039"/>
          <testcase name="testRelativeUri with data set #39" class="Twilio\Tests\Unit\VersionTest" classname="Twilio.Tests.Unit.VersionTest" file="/twilio/tests/Twilio/Unit/VersionTest.php" line="202" assertions="1" time="0.000033"/>
          <testcase name="testRelativeUri with data set #40" class="Twilio\Tests\Unit\VersionTest" classname="Twilio.Tests.Unit.VersionTest" file="/twilio/tests/Twilio/Unit/VersionTest.php" line="202" assertions="1" time="0.000032"/>
          <testcase name="testRelativeUri with data set #41" class="Twilio\Tests\Unit\VersionTest" classname="Twilio.Tests.Unit.VersionTest" file="/twilio/tests/Twilio/Unit/VersionTest.php" line="202" assertions="1" time="0.000031"/>
          <testcase name="testRelativeUri with data set #42" class="Twilio\Tests\Unit\VersionTest" classname="Twilio.Tests.Unit.VersionTest" file="/twilio/tests/Twilio/Unit/VersionTest.php" line="202" assertions="1" time="0.000030"/>
          <testcase name="testRelativeUri with data set #43" class="Twilio\Tests\Unit\VersionTest" classname="Twilio.Tests.Unit.VersionTest" file="/twilio/tests/Twilio/Unit/VersionTest.php" line="202" assertions="1" time="0.000029"/>
          <testcase name="testRelativeUri with data set #44" class="Twilio\Tests\Unit\VersionTest" classname="Twilio.Tests.Unit.VersionTest" file="/twilio/tests/Twilio/Unit/VersionTest.php" line="202" assertions="1" time="0.000029"/>
          <testcase name="testRelativeUri with data set #45" class="Twilio\Tests\Unit\VersionTest" classname="Twilio.Tests.Unit.VersionTest" file="/twilio/tests/Twilio/Unit/VersionTest.php" line="202" assertions="1" time="0.000029"/>
          <testcase name="testRelativeUri with data set #46" class="Twilio\Tests\Unit\VersionTest" classname="Twilio.Tests.Unit.VersionTest" file="/twilio/tests/Twilio/Unit/VersionTest.php" line="202" assertions="1" time="0.000029"/>
          <testcase name="testRelativeUri with data set #47" class="Twilio\Tests\Unit\VersionTest" classname="Twilio.Tests.Unit.VersionTest" file="/twilio/tests/Twilio/Unit/VersionTest.php" line="202" assertions="1" time="0.000028"/>
        </testsuite>
        <testsuite name="Twilio\Tests\Unit\VersionTest::testAbsoluteUrl" tests="48" assertions="48" errors="0" warnings="0" failures="0" skipped="0" time="0.003783">
          <testcase name="testAbsoluteUrl with data set #0" class="Twilio\Tests\Unit\VersionTest" classname="Twilio.Tests.Unit.VersionTest" file="/twilio/tests/Twilio/Unit/VersionTest.php" line="270" assertions="1" time="0.000447"/>
          <testcase name="testAbsoluteUrl with data set #1" class="Twilio\Tests\Unit\VersionTest" classname="Twilio.Tests.Unit.VersionTest" file="/twilio/tests/Twilio/Unit/VersionTest.php" line="270" assertions="1" time="0.000045"/>
          <testcase name="testAbsoluteUrl with data set #2" class="Twilio\Tests\Unit\VersionTest" classname="Twilio.Tests.Unit.VersionTest" file="/twilio/tests/Twilio/Unit/VersionTest.php" line="270" assertions="1" time="0.000069"/>
          <testcase name="testAbsoluteUrl with data set #3" class="Twilio\Tests\Unit\VersionTest" classname="Twilio.Tests.Unit.VersionTest" file="/twilio/tests/Twilio/Unit/VersionTest.php" line="270" assertions="1" time="0.000056"/>
          <testcase name="testAbsoluteUrl with data set #4" class="Twilio\Tests\Unit\VersionTest" classname="Twilio.Tests.Unit.VersionTest" file="/twilio/tests/Twilio/Unit/VersionTest.php" line="270" assertions="1" time="0.000062"/>
          <testcase name="testAbsoluteUrl with data set #5" class="Twilio\Tests\Unit\VersionTest" classname="Twilio.Tests.Unit.VersionTest" file="/twilio/tests/Twilio/Unit/VersionTest.php" line="270" assertions="1" time="0.000037"/>
          <testcase name="testAbsoluteUrl with data set #6" class="Twilio\Tests\Unit\VersionTest" classname="Twilio.Tests.Unit.VersionTest" file="/twilio/tests/Twilio/Unit/VersionTest.php" line="270" assertions="1" time="0.000034"/>
          <testcase name="testAbsoluteUrl with data set #7" class="Twilio\Tests\Unit\VersionTest" classname="Twilio.Tests.Unit.VersionTest" file="/twilio/tests/Twilio/Unit/VersionTest.php" line="270" assertions="1" time="0.000041"/>
          <testcase name="testAbsoluteUrl with data set #8" class="Twilio\Tests\Unit\VersionTest" classname="Twilio.Tests.Unit.VersionTest" file="/twilio/tests/Twilio/Unit/VersionTest.php" line="270" assertions="1" time="0.000034"/>
          <testcase name="testAbsoluteUrl with data set #9" class="Twilio\Tests\Unit\VersionTest" classname="Twilio.Tests.Unit.VersionTest" file="/twilio/tests/Twilio/Unit/VersionTest.php" line="270" assertions="1" time="0.000032"/>
          <testcase name="testAbsoluteUrl with data set #10" class="Twilio\Tests\Unit\VersionTest" classname="Twilio.Tests.Unit.VersionTest" file="/twilio/tests/Twilio/Unit/VersionTest.php" line="270" assertions="1" time="0.000066"/>
          <testcase name="testAbsoluteUrl with data set #11" class="Twilio\Tests\Unit\VersionTest" classname="Twilio.Tests.Unit.VersionTest" file="/twilio/tests/Twilio/Unit/VersionTest.php" line="270" assertions="1" time="0.000033"/>
          <testcase name="testAbsoluteUrl with data set #12" class="Twilio\Tests\Unit\VersionTest" classname="Twilio.Tests.Unit.VersionTest" file="/twilio/tests/Twilio/Unit/VersionTest.php" line="270" assertions="1" time="0.000050"/>
          <testcase name="testAbsoluteUrl with data set #13" class="Twilio\Tests\Unit\VersionTest" classname="Twilio.Tests.Unit.VersionTest" file="/twilio/tests/Twilio/Unit/VersionTest.php" line="270" assertions="1" time="0.000038"/>
          <testcase name="testAbsoluteUrl with data set #14" class="Twilio\Tests\Unit\VersionTest" classname="Twilio.Tests.Unit.VersionTest" file="/twilio/tests/Twilio/Unit/VersionTest.php" line="270" assertions="1" time="0.000043"/>
          <testcase name="testAbsoluteUrl with data set #15" class="Twilio\Tests\Unit\VersionTest" classname="Twilio.Tests.Unit.VersionTest" file="/twilio/tests/Twilio/Unit/VersionTest.php" line="270" assertions="1" time="0.000031"/>
          <testcase name="testAbsoluteUrl with data set #16" class="Twilio\Tests\Unit\VersionTest" classname="Twilio.Tests.Unit.VersionTest" file="/twilio/tests/Twilio/Unit/VersionTest.php" line="270" assertions="1" time="0.000031"/>
          <testcase name="testAbsoluteUrl with data set #17" class="Twilio\Tests\Unit\VersionTest" classname="Twilio.Tests.Unit.VersionTest" file="/twilio/tests/Twilio/Unit/VersionTest.php" line="270" assertions="1" time="0.000192"/>
          <testcase name="testAbsoluteUrl with data set #18" class="Twilio\Tests\Unit\VersionTest" classname="Twilio.Tests.Unit.VersionTest" file="/twilio/tests/Twilio/Unit/VersionTest.php" line="270" assertions="1" time="0.000041"/>
          <testcase name="testAbsoluteUrl with data set #19" class="Twilio\Tests\Unit\VersionTest" classname="Twilio.Tests.Unit.VersionTest" file="/twilio/tests/Twilio/Unit/VersionTest.php" line="270" assertions="1" time="0.000037"/>
          <testcase name="testAbsoluteUrl with data set #20" class="Twilio\Tests\Unit\VersionTest" classname="Twilio.Tests.Unit.VersionTest" file="/twilio/tests/Twilio/Unit/VersionTest.php" line="270" assertions="1" time="0.000064"/>
          <testcase name="testAbsoluteUrl with data set #21" class="Twilio\Tests\Unit\VersionTest" classname="Twilio.Tests.Unit.VersionTest" file="/twilio/tests/Twilio/Unit/VersionTest.php" line="270" assertions="1" time="0.000044"/>
          <testcase name="testAbsoluteUrl with data set #22" class="Twilio\Tests\Unit\VersionTest" classname="Twilio.Tests.Unit.VersionTest" file="/twilio/tests/Twilio/Unit/VersionTest.php" line="270" assertions="1" time="0.000036"/>
          <testcase name="testAbsoluteUrl with data set #23" class="Twilio\Tests\Unit\VersionTest" classname="Twilio.Tests.Unit.VersionTest" file="/twilio/tests/Twilio/Unit/VersionTest.php" line="270" assertions="1" time="0.000111"/>
          <testcase name="testAbsoluteUrl with data set #24" class="Twilio\Tests\Unit\VersionTest" classname="Twilio.Tests.Unit.VersionTest" file="/twilio/tests/Twilio/Unit/VersionTest.php" line="270" assertions="1" time="0.000297"/>
          <testcase name="testAbsoluteUrl with data set #25" class="Twilio\Tests\Unit\VersionTest" classname="Twilio.Tests.Unit.VersionTest" file="/twilio/tests/Twilio/Unit/VersionTest.php" line="270" assertions="1" time="0.000125"/>
          <testcase name="testAbsoluteUrl with data set #26" class="Twilio\Tests\Unit\VersionTest" classname="Twilio.Tests.Unit.VersionTest" file="/twilio/tests/Twilio/Unit/VersionTest.php" line="270" assertions="1" time="0.000071"/>
          <testcase name="testAbsoluteUrl with data set #27" class="Twilio\Tests\Unit\VersionTest" classname="Twilio.Tests.Unit.VersionTest" file="/twilio/tests/Twilio/Unit/VersionTest.php" line="270" assertions="1" time="0.000032"/>
          <testcase name="testAbsoluteUrl with data set #28" class="Twilio\Tests\Unit\VersionTest" classname="Twilio.Tests.Unit.VersionTest" file="/twilio/tests/Twilio/Unit/VersionTest.php" line="270" assertions="1" time="0.000030"/>
          <testcase name="testAbsoluteUrl with data set #29" class="Twilio\Tests\Unit\VersionTest" classname="Twilio.Tests.Unit.VersionTest" file="/twilio/tests/Twilio/Unit/VersionTest.php" line="270" assertions="1" time="0.000111"/>
          <testcase name="testAbsoluteUrl with data set #30" class="Twilio\Tests\Unit\VersionTest" classname="Twilio.Tests.Unit.VersionTest" file="/twilio/tests/Twilio/Unit/VersionTest.php" line="270" assertions="1" time="0.000061"/>
          <testcase name="testAbsoluteUrl with data set #31" class="Twilio\Tests\Unit\VersionTest" classname="Twilio.Tests.Unit.VersionTest" file="/twilio/tests/Twilio/Unit/VersionTest.php" line="270" assertions="1" time="0.000037"/>
          <testcase name="testAbsoluteUrl with data set #32" class="Twilio\Tests\Unit\VersionTest" classname="Twilio.Tests.Unit.VersionTest" file="/twilio/tests/Twilio/Unit/VersionTest.php" line="270" assertions="1" time="0.000036"/>
          <testcase name="testAbsoluteUrl with data set #33" class="Twilio\Tests\Unit\VersionTest" classname="Twilio.Tests.Unit.VersionTest" file="/twilio/tests/Twilio/Unit/VersionTest.php" line="270" assertions="1" time="0.000084"/>
          <testcase name="testAbsoluteUrl with data set #34" class="Twilio\Tests\Unit\VersionTest" classname="Twilio.Tests.Unit.VersionTest" file="/twilio/tests/Twilio/Unit/VersionTest.php" line="270" assertions="1" time="0.000055"/>
          <testcase name="testAbsoluteUrl with data set #35" class="Twilio\Tests\Unit\VersionTest" classname="Twilio.Tests.Unit.VersionTest" file="/twilio/tests/Twilio/Unit/VersionTest.php" line="270" assertions="1" time="0.000039"/>
          <testcase name="testAbsoluteUrl with data set #36" class="Twilio\Tests\Unit\VersionTest" classname="Twilio.Tests.Unit.VersionTest" file="/twilio/tests/Twilio/Unit/VersionTest.php" line="270" assertions="1" time="0.000418"/>
          <testcase name="testAbsoluteUrl with data set #37" class="Twilio\Tests\Unit\VersionTest" classname="Twilio.Tests.Unit.VersionTest" file="/twilio/tests/Twilio/Unit/VersionTest.php" line="270" assertions="1" time="0.000050"/>
          <testcase name="testAbsoluteUrl with data set #38" class="Twilio\Tests\Unit\VersionTest" classname="Twilio.Tests.Unit.VersionTest" file="/twilio/tests/Twilio/Unit/VersionTest.php" line="270" assertions="1" time="0.000039"/>
          <testcase name="testAbsoluteUrl with data set #39" class="Twilio\Tests\Unit\VersionTest" classname="Twilio.Tests.Unit.VersionTest" file="/twilio/tests/Twilio/Unit/VersionTest.php" line="270" assertions="1" time="0.000032"/>
          <testcase name="testAbsoluteUrl with data set #40" class="Twilio\Tests\Unit\VersionTest" classname="Twilio.Tests.Unit.VersionTest" file="/twilio/tests/Twilio/Unit/VersionTest.php" line="270" assertions="1" time="0.000032"/>
          <testcase name="testAbsoluteUrl with data set #41" class="Twilio\Tests\Unit\VersionTest" classname="Twilio.Tests.Unit.VersionTest" file="/twilio/tests/Twilio/Unit/VersionTest.php" line="270" assertions="1" time="0.000031"/>
          <testcase name="testAbsoluteUrl with data set #42" class="Twilio\Tests\Unit\VersionTest" classname="Twilio.Tests.Unit.VersionTest" file="/twilio/tests/Twilio/Unit/VersionTest.php" line="270" assertions="1" time="0.000029"/>
          <testcase name="testAbsoluteUrl with data set #43" class="Twilio\Tests\Unit\VersionTest" classname="Twilio.Tests.Unit.VersionTest" file="/twilio/tests/Twilio/Unit/VersionTest.php" line="270" assertions="1" time="0.000029"/>
          <testcase name="testAbsoluteUrl with data set #44" class="Twilio\Tests\Unit\VersionTest" classname="Twilio.Tests.Unit.VersionTest" file="/twilio/tests/Twilio/Unit/VersionTest.php" line="270" assertions="1" time="0.000292"/>
          <testcase name="testAbsoluteUrl with data set #45" class="Twilio\Tests\Unit\VersionTest" classname="Twilio.Tests.Unit.VersionTest" file="/twilio/tests/Twilio/Unit/VersionTest.php" line="270" assertions="1" time="0.000115"/>
          <testcase name="testAbsoluteUrl with data set #46" class="Twilio\Tests\Unit\VersionTest" classname="Twilio.Tests.Unit.VersionTest" file="/twilio/tests/Twilio/Unit/VersionTest.php" line="270" assertions="1" time="0.000034"/>
          <testcase name="testAbsoluteUrl with data set #47" class="Twilio\Tests\Unit\VersionTest" classname="Twilio.Tests.Unit.VersionTest" file="/twilio/tests/Twilio/Unit/VersionTest.php" line="270" assertions="1" time="0.000031"/>
        </testsuite>
        <testcase name="testRestExceptionWithDetails" class="Twilio\Tests\Unit\VersionTest" classname="Twilio.Tests.Unit.VersionTest" file="/twilio/tests/Twilio/Unit/VersionTest.php" line="276" assertions="0" time="0.000314">
          <error type="Error">Twilio\Tests\Unit\VersionTest::testRestExceptionWithDetails
Error: Call to undefined method Twilio\Rest\Client::request()

/twilio/src/Twilio/Domain.php:63
/twilio/src/Twilio/Version.php:57
/twilio/src/Twilio/Version.php:102
/twilio/tests/Twilio/Unit/VersionTest.php:289
phpvfscomposer:///twilio/vendor/phpunit/phpunit/phpunit:97</error>
        </testcase>
        <testcase name="testRestExceptionWithoutDetails" class="Twilio\Tests\Unit\VersionTest" classname="Twilio.Tests.Unit.VersionTest" file="/twilio/tests/Twilio/Unit/VersionTest.php" line="300" assertions="0" time="0.000076">
          <error type="Error">Twilio\Tests\Unit\VersionTest::testRestExceptionWithoutDetails
Error: Call to undefined method Twilio\Rest\Client::request()

/twilio/src/Twilio/Domain.php:63
/twilio/src/Twilio/Version.php:57
/twilio/src/Twilio/Version.php:102
/twilio/tests/Twilio/Unit/VersionTest.php:311
phpvfscomposer:///twilio/vendor/phpunit/phpunit/phpunit:97</error>
        </testcase>
        <testcase name="testRestException" class="Twilio\Tests\Unit\VersionTest" classname="Twilio.Tests.Unit.VersionTest" file="/twilio/tests/Twilio/Unit/VersionTest.php" line="322" assertions="0" time="0.000064">
          <error type="Error">Twilio\Tests\Unit\VersionTest::testRestException
Error: Call to undefined method Twilio\Rest\Client::request()

/twilio/src/Twilio/Domain.php:63
/twilio/src/Twilio/Version.php:57
/twilio/src/Twilio/Version.php:102
/twilio/tests/Twilio/Unit/VersionTest.php:328
phpvfscomposer:///twilio/vendor/phpunit/phpunit/phpunit:97</error>
        </testcase>
      </testsuite>
      <testsuite name="Twilio\Tests\Unit\WorkflowTest" file="/twilio/tests/Twilio/Unit/WorkflowTest.php" tests="8" assertions="73" errors="0" warnings="0" failures="0" skipped="0" time="0.000989">
        <testcase name="testDefaultRuleTarget" class="Twilio\Tests\Unit\WorkflowTest" classname="Twilio.Tests.Unit.WorkflowTest" file="/twilio/tests/Twilio/Unit/WorkflowTest.php" line="11" assertions="4" time="0.000123"/>
        <testcase name="testSimpleRuleTarget" class="Twilio\Tests\Unit\WorkflowTest" classname="Twilio.Tests.Unit.WorkflowTest" file="/twilio/tests/Twilio/Unit/WorkflowTest.php" line="20" assertions="4" time="0.000063"/>
        <testcase name="testFilterWorkerRuleTarget" class="Twilio\Tests\Unit\WorkflowTest" classname="Twilio.Tests.Unit.WorkflowTest" file="/twilio/tests/Twilio/Unit/WorkflowTest.php" line="32" assertions="4" time="0.000028"/>
        <testcase name="testSimpleRule" class="Twilio\Tests\Unit\WorkflowTest" classname="Twilio.Tests.Unit.WorkflowTest" file="/twilio/tests/Twilio/Unit/WorkflowTest.php" line="44" assertions="3" time="0.000104"/>
        <testcase name="testFullWorkflow" class="Twilio\Tests\Unit\WorkflowTest" classname="Twilio.Tests.Unit.WorkflowTest" file="/twilio/tests/Twilio/Unit/WorkflowTest.php" line="56" assertions="1" time="0.000440"/>
        <testcase name="testFullWorkflowWithTimeouts" class="Twilio\Tests\Unit\WorkflowTest" classname="Twilio.Tests.Unit.WorkflowTest" file="/twilio/tests/Twilio/Unit/WorkflowTest.php" line="130" assertions="1" time="0.000087"/>
        <testcase name="testParseWorkflow" class="Twilio\Tests\Unit\WorkflowTest" classname="Twilio.Tests.Unit.WorkflowTest" file="/twilio/tests/Twilio/Unit/WorkflowTest.php" line="228" assertions="28" time="0.000080"/>
        <testcase name="testParseWorkflowFilterFriendlyName" class="Twilio\Tests\Unit\WorkflowTest" classname="Twilio.Tests.Unit.WorkflowTest" file="/twilio/tests/Twilio/Unit/WorkflowTest.php" line="321" assertions="28" time="0.000064"/>
      </testsuite>
    </testsuite>
  </testsuite>
</testsuites>
